# JRE version: Java(TM) SE Runtime Environment (8.0_201-b09) (build 1.8.0_201-b09)
# Java VM: Java HotSpot(TM) 64-Bit Server VM (25.201-b09 mixed mode windows-amd64 compressed oops)
Heap:
 PSYoungGen      total 151552K, used 24013K [0x0000000785d80000, 0x0000000790680000, 0x00000007c0000000)
  eden space 137216K, 11% used [0x0000000785d80000,0x0000000786c3e688,0x000000078e380000)
  from space 14336K, 62% used [0x000000078ea80000,0x000000078f3350d8,0x000000078f880000)
  to   space 11264K, 0% used [0x000000078fb80000,0x000000078fb80000,0x0000000790680000)
 ParOldGen       total 119296K, used 18044K [0x0000000711800000, 0x0000000718c80000, 0x0000000785d80000)
  object space 119296K, 15% used [0x0000000711800000,0x000000071299f1e0,0x0000000718c80000)
 Metaspace       used 46049K, capacity 47472K, committed 47704K, reserved 1091584K
  class space    used 5623K, capacity 5932K, committed 5976K, reserved 1048576K
GC Heap History (10 events):
Event: 15.020 GC heap before
{Heap before GC invocations=9 (full 1):
 PSYoungGen      total 76800K, used 76189K [0x0000000785d80000, 0x000000078d980000, 0x00000007c0000000)
  eden space 68096K, 100% used [0x0000000785d80000,0x000000078a000000,0x000000078a000000)
  from space 8704K, 92% used [0x000000078a000000,0x000000078a7e7720,0x000000078a880000)
  to   space 9728K, 0% used [0x000000078d000000,0x000000078d000000,0x000000078d980000)
 ParOldGen       total 74240K, used 7319K [0x0000000711800000, 0x0000000716080000, 0x0000000785d80000)
  object space 74240K, 9% used [0x0000000711800000,0x0000000711f25c80,0x0000000716080000)
 Metaspace       used 30504K, capacity 31554K, committed 31744K, reserved 1077248K
  class space    used 3879K, capacity 4091K, committed 4096K, reserved 1048576K
Event: 15.037 GC heap after
Heap after GC invocations=9 (full 1):
 PSYoungGen      total 116224K, used 9713K [0x0000000785d80000, 0x000000078e100000, 0x00000007c0000000)
  eden space 106496K, 0% used [0x0000000785d80000,0x0000000785d80000,0x000000078c580000)
  from space 9728K, 99% used [0x000000078d000000,0x000000078d97c7d0,0x000000078d980000)
  to   space 10752K, 0% used [0x000000078c580000,0x000000078c580000,0x000000078d000000)
 ParOldGen       total 74240K, used 7540K [0x0000000711800000, 0x0000000716080000, 0x0000000785d80000)
  object space 74240K, 10% used [0x0000000711800000,0x0000000711f5d1a8,0x0000000716080000)
 Metaspace       used 30504K, capacity 31554K, committed 31744K, reserved 1077248K
  class space    used 3879K, capacity 4091K, committed 4096K, reserved 1048576K
}
Event: 16.766 GC heap before
{Heap before GC invocations=10 (full 1):
 PSYoungGen      total 116224K, used 115067K [0x0000000785d80000, 0x000000078e100000, 0x00000007c0000000)
  eden space 106496K, 98% used [0x0000000785d80000,0x000000078c462430,0x000000078c580000)
  from space 9728K, 99% used [0x000000078d000000,0x000000078d97c7d0,0x000000078d980000)
  to   space 10752K, 0% used [0x000000078c580000,0x000000078c580000,0x000000078d000000)
 ParOldGen       total 74240K, used 7540K [0x0000000711800000, 0x0000000716080000, 0x0000000785d80000)
  object space 74240K, 10% used [0x0000000711800000,0x0000000711f5d1a8,0x0000000716080000)
 Metaspace       used 34199K, capacity 35344K, committed 35416K, reserved 1079296K
  class space    used 4369K, capacity 4626K, committed 4696K, reserved 1048576K
Event: 16.786 GC heap after
Heap after GC invocations=10 (full 1):
 PSYoungGen      total 117248K, used 10727K [0x0000000785d80000, 0x0000000790880000, 0x00000007c0000000)
  eden space 106496K, 0% used [0x0000000785d80000,0x0000000785d80000,0x000000078c580000)
  from space 10752K, 99% used [0x000000078c580000,0x000000078cff9fd0,0x000000078d000000)
  to   space 13312K, 0% used [0x000000078fb80000,0x000000078fb80000,0x0000000790880000)
 ParOldGen       total 74240K, used 10515K [0x0000000711800000, 0x0000000716080000, 0x0000000785d80000)
  object space 74240K, 14% used [0x0000000711800000,0x0000000712244c28,0x0000000716080000)
 Metaspace       used 34199K, capacity 35344K, committed 35416K, reserved 1079296K
  class space    used 4369K, capacity 4626K, committed 4696K, reserved 1048576K
}
Event: 16.786 GC heap before
{Heap before GC invocations=11 (full 2):
 PSYoungGen      total 117248K, used 10727K [0x0000000785d80000, 0x0000000790880000, 0x00000007c0000000)
  eden space 106496K, 0% used [0x0000000785d80000,0x0000000785d80000,0x000000078c580000)
  from space 10752K, 99% used [0x000000078c580000,0x000000078cff9fd0,0x000000078d000000)
  to   space 13312K, 0% used [0x000000078fb80000,0x000000078fb80000,0x0000000790880000)
 ParOldGen       total 74240K, used 10515K [0x0000000711800000, 0x0000000716080000, 0x0000000785d80000)
  object space 74240K, 14% used [0x0000000711800000,0x0000000712244c28,0x0000000716080000)
 Metaspace       used 34199K, capacity 35344K, committed 35416K, reserved 1079296K
  class space    used 4369K, capacity 4626K, committed 4696K, reserved 1048576K
Event: 16.913 GC heap after
Heap after GC invocations=11 (full 2):
 PSYoungGen      total 117248K, used 0K [0x0000000785d80000, 0x0000000790880000, 0x00000007c0000000)
  eden space 106496K, 0% used [0x0000000785d80000,0x0000000785d80000,0x000000078c580000)
  from space 10752K, 0% used [0x000000078c580000,0x000000078c580000,0x000000078d000000)
  to   space 13312K, 0% used [0x000000078fb80000,0x000000078fb80000,0x0000000790880000)
 ParOldGen       total 119296K, used 18012K [0x0000000711800000, 0x0000000718c80000, 0x0000000785d80000)
  object space 119296K, 15% used [0x0000000711800000,0x00000007129971d0,0x0000000718c80000)
 Metaspace       used 34199K, capacity 35344K, committed 35416K, reserved 1079296K
  class space    used 4369K, capacity 4626K, committed 4696K, reserved 1048576K
}
Event: 21.713 GC heap before
{Heap before GC invocations=12 (full 2):
 PSYoungGen      total 117248K, used 106496K [0x0000000785d80000, 0x0000000790880000, 0x00000007c0000000)
  eden space 106496K, 100% used [0x0000000785d80000,0x000000078c580000,0x000000078c580000)
  from space 10752K, 0% used [0x000000078c580000,0x000000078c580000,0x000000078d000000)
  to   space 13312K, 0% used [0x000000078fb80000,0x000000078fb80000,0x0000000790880000)
 ParOldGen       total 119296K, used 18012K [0x0000000711800000, 0x0000000718c80000, 0x0000000785d80000)
  object space 119296K, 15% used [0x0000000711800000,0x00000007129971d0,0x0000000718c80000)
 Metaspace       used 42951K, capacity 44240K, committed 44504K, reserved 1087488K
  class space    used 5273K, capacity 5558K, committed 5592K, reserved 1048576K
Event: 21.734 GC heap after
Heap after GC invocations=12 (full 2):
 PSYoungGen      total 148480K, used 10898K [0x0000000785d80000, 0x0000000790680000, 0x00000007c0000000)
  eden space 137216K, 0% used [0x0000000785d80000,0x0000000785d80000,0x000000078e380000)
  from space 11264K, 96% used [0x000000078fb80000,0x0000000790624868,0x0000000790680000)
  to   space 14336K, 0% used [0x000000078ea80000,0x000000078ea80000,0x000000078f880000)
 ParOldGen       total 119296K, used 18036K [0x0000000711800000, 0x0000000718c80000, 0x0000000785d80000)
  object space 119296K, 15% used [0x0000000711800000,0x000000071299d1e0,0x0000000718c80000)
 Metaspace       used 42951K, capacity 44240K, committed 44504K, reserved 1087488K
  class space    used 5273K, capacity 5558K, committed 5592K, reserved 1048576K
}
Event: 23.005 GC heap before
{Heap before GC invocations=13 (full 2):
 PSYoungGen      total 148480K, used 148114K [0x0000000785d80000, 0x0000000790680000, 0x00000007c0000000)
  eden space 137216K, 100% used [0x0000000785d80000,0x000000078e380000,0x000000078e380000)
  from space 11264K, 96% used [0x000000078fb80000,0x0000000790624868,0x0000000790680000)
  to   space 14336K, 0% used [0x000000078ea80000,0x000000078ea80000,0x000000078f880000)
 ParOldGen       total 119296K, used 18036K [0x0000000711800000, 0x0000000718c80000, 0x0000000785d80000)
  object space 119296K, 15% used [0x0000000711800000,0x000000071299d1e0,0x0000000718c80000)
 Metaspace       used 46025K, capacity 47472K, committed 47704K, reserved 1091584K
  class space    used 5620K, capacity 5932K, committed 5976K, reserved 1048576K
Event: 23.018 GC heap after
Heap after GC invocations=13 (full 2):
 PSYoungGen      total 151552K, used 8916K [0x0000000785d80000, 0x0000000790680000, 0x00000007c0000000)
  eden space 137216K, 0% used [0x0000000785d80000,0x0000000785d80000,0x000000078e380000)
  from space 14336K, 62% used [0x000000078ea80000,0x000000078f3350d8,0x000000078f880000)
  to   space 11264K, 0% used [0x000000078fb80000,0x000000078fb80000,0x0000000790680000)
 ParOldGen       total 119296K, used 18044K [0x0000000711800000, 0x0000000718c80000, 0x0000000785d80000)
  object space 119296K, 15% used [0x0000000711800000,0x000000071299f1e0,0x0000000718c80000)
 Metaspace       used 46025K, capacity 47472K, committed 47704K, reserved 1091584K
  class space    used 5620K, capacity 5932K, committed 5976K, reserved 1048576K
}

