# JRE version: Java(TM) SE Runtime Environment (8.0_201-b09) (build 1.8.0_201-b09)
# Java VM: Java HotSpot(TM) 64-Bit Server VM (25.201-b09 mixed mode windows-amd64 compressed oops)
Heap:
 PSYoungGen      total 166912K, used 86427K [0x0000000785d80000, 0x0000000790b80000, 0x00000007c0000000)
  eden space 155648K, 52% used [0x0000000785d80000,0x000000078ad97748,0x000000078f580000)
  from space 11264K, 39% used [0x000000078f580000,0x000000078f9cf7b8,0x0000000790080000)
  to   space 9728K, 0% used [0x0000000790100000,0x0000000790100000,0x0000000790a80000)
 ParOldGen       total 86528K, used 27873K [0x0000000711800000, 0x0000000716c80000, 0x0000000785d80000)
  object space 86528K, 32% used [0x0000000711800000,0x0000000713338568,0x0000000716c80000)
 Metaspace       used 51825K, capacity 53620K, committed 53848K, reserved 1095680K
  class space    used 6391K, capacity 6736K, committed 6784K, reserved 1048576K
GC Heap History (10 events):
Event: 8.121 GC heap before
{Heap before GC invocations=9 (full 1):
 PSYoungGen      total 94720K, used 93679K [0x0000000785d80000, 0x0000000790a80000, 0x00000007c0000000)
  eden space 85504K, 100% used [0x0000000785d80000,0x000000078b100000,0x000000078b100000)
  from space 9216K, 88% used [0x000000078b100000,0x000000078b8fbf38,0x000000078ba00000)
  to   space 9728K, 0% used [0x0000000790100000,0x0000000790100000,0x0000000790a80000)
 ParOldGen       total 56832K, used 5659K [0x0000000711800000, 0x0000000714f80000, 0x0000000785d80000)
  object space 56832K, 9% used [0x0000000711800000,0x0000000711d86ed8,0x0000000714f80000)
 Metaspace       used 29956K, capacity 30964K, committed 30976K, reserved 1077248K
  class space    used 3865K, capacity 4090K, committed 4096K, reserved 1048576K
Event: 8.131 GC heap after
Heap after GC invocations=9 (full 1):
 PSYoungGen      total 165376K, used 9710K [0x0000000785d80000, 0x0000000790b80000, 0x00000007c0000000)
  eden space 155648K, 0% used [0x0000000785d80000,0x0000000785d80000,0x000000078f580000)
  from space 9728K, 99% used [0x0000000790100000,0x0000000790a7b8c0,0x0000000790a80000)
  to   space 11264K, 0% used [0x000000078f580000,0x000000078f580000,0x0000000790080000)
 ParOldGen       total 56832K, used 6209K [0x0000000711800000, 0x0000000714f80000, 0x0000000785d80000)
  object space 56832K, 10% used [0x0000000711800000,0x0000000711e10428,0x0000000714f80000)
 Metaspace       used 29956K, capacity 30964K, committed 30976K, reserved 1077248K
  class space    used 3865K, capacity 4090K, committed 4096K, reserved 1048576K
}
Event: 9.470 GC heap before
{Heap before GC invocations=10 (full 1):
 PSYoungGen      total 165376K, used 126142K [0x0000000785d80000, 0x0000000790b80000, 0x00000007c0000000)
  eden space 155648K, 74% used [0x0000000785d80000,0x000000078cf33fa8,0x000000078f580000)
  from space 9728K, 99% used [0x0000000790100000,0x0000000790a7b8c0,0x0000000790a80000)
  to   space 11264K, 0% used [0x000000078f580000,0x000000078f580000,0x0000000790080000)
 ParOldGen       total 56832K, used 6209K [0x0000000711800000, 0x0000000714f80000, 0x0000000785d80000)
  object space 56832K, 10% used [0x0000000711800000,0x0000000711e10428,0x0000000714f80000)
 Metaspace       used 34127K, capacity 35300K, committed 35416K, reserved 1079296K
  class space    used 4403K, capacity 4658K, committed 4736K, reserved 1048576K
Event: 9.486 GC heap after
Heap after GC invocations=10 (full 1):
 PSYoungGen      total 166912K, used 11244K [0x0000000785d80000, 0x0000000790b80000, 0x00000007c0000000)
  eden space 155648K, 0% used [0x0000000785d80000,0x0000000785d80000,0x000000078f580000)
  from space 11264K, 99% used [0x000000078f580000,0x000000079007b378,0x0000000790080000)
  to   space 9728K, 0% used [0x0000000790100000,0x0000000790100000,0x0000000790a80000)
 ParOldGen       total 56832K, used 8828K [0x0000000711800000, 0x0000000714f80000, 0x0000000785d80000)
  object space 56832K, 15% used [0x0000000711800000,0x000000071209f080,0x0000000714f80000)
 Metaspace       used 34127K, capacity 35300K, committed 35416K, reserved 1079296K
  class space    used 4403K, capacity 4658K, committed 4736K, reserved 1048576K
}
Event: 9.486 GC heap before
{Heap before GC invocations=11 (full 2):
 PSYoungGen      total 166912K, used 11244K [0x0000000785d80000, 0x0000000790b80000, 0x00000007c0000000)
  eden space 155648K, 0% used [0x0000000785d80000,0x0000000785d80000,0x000000078f580000)
  from space 11264K, 99% used [0x000000078f580000,0x000000079007b378,0x0000000790080000)
  to   space 9728K, 0% used [0x0000000790100000,0x0000000790100000,0x0000000790a80000)
 ParOldGen       total 56832K, used 8828K [0x0000000711800000, 0x0000000714f80000, 0x0000000785d80000)
  object space 56832K, 15% used [0x0000000711800000,0x000000071209f080,0x0000000714f80000)
 Metaspace       used 34127K, capacity 35300K, committed 35416K, reserved 1079296K
  class space    used 4403K, capacity 4658K, committed 4736K, reserved 1048576K
Event: 9.585 GC heap after
Heap after GC invocations=11 (full 2):
 PSYoungGen      total 166912K, used 0K [0x0000000785d80000, 0x0000000790b80000, 0x00000007c0000000)
  eden space 155648K, 0% used [0x0000000785d80000,0x0000000785d80000,0x000000078f580000)
  from space 11264K, 0% used [0x000000078f580000,0x000000078f580000,0x0000000790080000)
  to   space 9728K, 0% used [0x0000000790100000,0x0000000790100000,0x0000000790a80000)
 ParOldGen       total 86528K, used 18510K [0x0000000711800000, 0x0000000716c80000, 0x0000000785d80000)
  object space 86528K, 21% used [0x0000000711800000,0x0000000712a138e8,0x0000000716c80000)
 Metaspace       used 34127K, capacity 35300K, committed 35416K, reserved 1079296K
  class space    used 4403K, capacity 4658K, committed 4736K, reserved 1048576K
}
Event: 12.777 GC heap before
{Heap before GC invocations=12 (full 2):
 PSYoungGen      total 166912K, used 155648K [0x0000000785d80000, 0x0000000790b80000, 0x00000007c0000000)
  eden space 155648K, 100% used [0x0000000785d80000,0x000000078f580000,0x000000078f580000)
  from space 11264K, 0% used [0x000000078f580000,0x000000078f580000,0x0000000790080000)
  to   space 9728K, 0% used [0x0000000790100000,0x0000000790100000,0x0000000790a80000)
 ParOldGen       total 86528K, used 18510K [0x0000000711800000, 0x0000000716c80000, 0x0000000785d80000)
  object space 86528K, 21% used [0x0000000711800000,0x0000000712a138e8,0x0000000716c80000)
 Metaspace       used 45051K, capacity 46464K, committed 46680K, reserved 1089536K
  class space    used 5599K, capacity 5900K, committed 6016K, reserved 1048576K
Event: 12.787 GC heap after
Heap after GC invocations=12 (full 2):
 PSYoungGen      total 165376K, used 9705K [0x0000000785d80000, 0x0000000790b80000, 0x00000007c0000000)
  eden space 155648K, 0% used [0x0000000785d80000,0x0000000785d80000,0x000000078f580000)
  from space 9728K, 99% used [0x0000000790100000,0x0000000790a7a548,0x0000000790a80000)
  to   space 11264K, 0% used [0x000000078f580000,0x000000078f580000,0x0000000790080000)
 ParOldGen       total 86528K, used 21107K [0x0000000711800000, 0x0000000716c80000, 0x0000000785d80000)
  object space 86528K, 24% used [0x0000000711800000,0x0000000712c9cfd8,0x0000000716c80000)
 Metaspace       used 45051K, capacity 46464K, committed 46680K, reserved 1089536K
  class space    used 5599K, capacity 5900K, committed 6016K, reserved 1048576K
}
Event: 13.821 GC heap before
{Heap before GC invocations=13 (full 2):
 PSYoungGen      total 165376K, used 165353K [0x0000000785d80000, 0x0000000790b80000, 0x00000007c0000000)
  eden space 155648K, 100% used [0x0000000785d80000,0x000000078f580000,0x000000078f580000)
  from space 9728K, 99% used [0x0000000790100000,0x0000000790a7a548,0x0000000790a80000)
  to   space 11264K, 0% used [0x000000078f580000,0x000000078f580000,0x0000000790080000)
 ParOldGen       total 86528K, used 21107K [0x0000000711800000, 0x0000000716c80000, 0x0000000785d80000)
  object space 86528K, 24% used [0x0000000711800000,0x0000000712c9cfd8,0x0000000716c80000)
 Metaspace       used 47792K, capacity 49244K, committed 49496K, reserved 1093632K
  class space    used 5914K, capacity 6236K, committed 6272K, reserved 1048576K
Event: 13.830 GC heap after
Heap after GC invocations=13 (full 2):
 PSYoungGen      total 166912K, used 4413K [0x0000000785d80000, 0x0000000790b80000, 0x00000007c0000000)
  eden space 155648K, 0% used [0x0000000785d80000,0x0000000785d80000,0x000000078f580000)
  from space 11264K, 39% used [0x000000078f580000,0x000000078f9cf7b8,0x0000000790080000)
  to   space 9728K, 0% used [0x0000000790100000,0x0000000790100000,0x0000000790a80000)
 ParOldGen       total 86528K, used 27873K [0x0000000711800000, 0x0000000716c80000, 0x0000000785d80000)
  object space 86528K, 32% used [0x0000000711800000,0x0000000713338568,0x0000000716c80000)
 Metaspace       used 47792K, capacity 49244K, committed 49496K, reserved 1093632K
  class space    used 5914K, capacity 6236K, committed 6272K, reserved 1048576K
}

